#
# There is insufficient memory for the Java Runtime Environment to continue.
# Native memory allocation (mmap) failed to map 44040192 bytes for G1 virtual space
# Possible reasons:
#   The system is out of physical RAM or swap space
#   The process is running with CompressedOops enabled, and the Java Heap may be blocking the growth of the native heap
# Possible solutions:
#   Reduce memory load on the system
#   Increase physical memory or swap space
#   Check if swap backing store is full
#   Decrease Java heap size (-Xmx/-Xms)
#   Decrease number of Java threads
#   Decrease Java thread stack sizes (-Xss)
#   Set larger code cache with -XX:ReservedCodeCacheSize=
#   JVM is running with Unscaled Compressed Oops mode in which the Java heap is
#     placed in the first 4GB address space. The Java Heap base address is the
#     maximum limit for the native heap growth. Please use -XX:HeapBaseMinAddress
#     to set the Java Heap base and to place the Java Heap above 4GB virtual address.
# This output file may be truncated or incomplete.
#
#  Out of Memory Error (os_windows.cpp:3548), pid=22692, tid=25576
#
# JRE version: OpenJDK Runtime Environment Temurin-17.0.5+8 (17.0.5+8) (build 17.0.5+8)
# Java VM: OpenJDK 64-Bit Server VM Temurin-17.0.5+8 (17.0.5+8, mixed mode, emulated-client, tiered, compressed oops, compressed class ptrs, g1 gc, windows-amd64)
# No core dump will be written. Minidumps are not enabled by default on client versions of Windows
#

---------------  S U M M A R Y ------------

Command Line: -Dcom.sun.management.jmxremote -Dcom.sun.management.jmxremote.port=52912 -Dcom.sun.management.jmxremote.authenticate=false -Dcom.sun.management.jmxremote.ssl=false -Djava.rmi.server.hostname=localhost -Dspring.jmx.enabled=true -Dmanagement.endpoints.jmx.exposure.include=* -Dspring.application.admin.enabled=true -XX:TieredStopAtLevel=1 -Dspring.boot.project.name=com.inn.cafe -Dfile.encoding=UTF-8 -XX:+ShowCodeDetailsInExceptionMessages com.inn.cafe.CafeManagementSystemApplication --spring.output.ansi.enabled=always

Host: Intel(R) Core(TM) i5-8265U CPU @ 1.60GHz, 8 cores, 7G,  Windows 11 , 64 bit Build 22621 (10.0.22621.1485)
Time: Mon May  1 17:30:10 2023 India Standard Time elapsed time: 7.989786 seconds (0d 0h 0m 7s)

---------------  T H R E A D  ---------------

Current thread (0x000001e01f216c60):  VMThread "VM Thread" [stack: 0x000000950a600000,0x000000950a700000] [id=25576]

Stack: [0x000000950a600000,0x000000950a700000]
Native frames: (J=compiled Java code, j=interpreted, Vv=VM code, C=native code)
V  [jvm.dll+0x676b3a]
V  [jvm.dll+0x831444]
V  [jvm.dll+0x832bee]
V  [jvm.dll+0x833253]
V  [jvm.dll+0x244ce5]
V  [jvm.dll+0x673a49]
V  [jvm.dll+0x66811a]
V  [jvm.dll+0x303ceb]
V  [jvm.dll+0x30b1e6]
V  [jvm.dll+0x35adbe]
V  [jvm.dll+0x35afef]
V  [jvm.dll+0x2dab88]
V  [jvm.dll+0x2d8e3c]
V  [jvm.dll+0x2d840c]
V  [jvm.dll+0x31c31b]
V  [jvm.dll+0x8376fb]
V  [jvm.dll+0x838434]
V  [jvm.dll+0x83894c]
V  [jvm.dll+0x838d24]
V  [jvm.dll+0x838df0]
V  [jvm.dll+0x7e17ea]
V  [jvm.dll+0x6759e5]
C  [ucrtbase.dll+0x29363]
C  [KERNEL32.DLL+0x1269d]
C  [ntdll.dll+0x5a9f8]

VM_Operation (0x000000950a0f98f0): G1CollectForAllocation, mode: safepoint, requested by thread 0x000001e01142a630


---------------  P R O C E S S  ---------------

Threads class SMR info:
_java_thread_list=0x000001e02504b500, length=27, elements={
0x000001e01142a630, 0x000001e01f1fc880, 0x000001e01f1ff440, 0x000001e01fc41ee0,
0x000001e01fc447b0, 0x000001e01fc45160, 0x000001e01fc45b10, 0x000001e01fc464c0,
0x000001e01fc49a90, 0x000001e01fcd39f0, 0x000001e01f19a370, 0x000001e01f19a930,
0x000001e01fd25f10, 0x000001e01fe403a0, 0x000001e02049c470, 0x000001e02049c940,
0x000001e0204a59f0, 0x000001e0205444f0, 0x000001e0205ff9d0, 0x000001e020795240,
0x000001e0207dc110, 0x000001e021fb7570, 0x000001e021fb7a40, 0x000001e021fb4080,
0x000001e021fb6230, 0x000001e021fb6700, 0x000001e021fb4a20
}

Java Threads: ( => current thread )
  0x000001e01142a630 JavaThread "main" [_thread_blocked, id=21108, stack(0x000000950a000000,0x000000950a100000)]
  0x000001e01f1fc880 JavaThread "Reference Handler" daemon [_thread_blocked, id=29380, stack(0x000000950a700000,0x000000950a800000)]
  0x000001e01f1ff440 JavaThread "Finalizer" daemon [_thread_blocked, id=9280, stack(0x000000950a800000,0x000000950a900000)]
  0x000001e01fc41ee0 JavaThread "Signal Dispatcher" daemon [_thread_blocked, id=21048, stack(0x000000950aa00000,0x000000950ab00000)]
  0x000001e01fc447b0 JavaThread "Attach Listener" daemon [_thread_blocked, id=26632, stack(0x000000950ab00000,0x000000950ac00000)]
  0x000001e01fc45160 JavaThread "Service Thread" daemon [_thread_blocked, id=26168, stack(0x000000950ac00000,0x000000950ad00000)]
  0x000001e01fc45b10 JavaThread "Monitor Deflation Thread" daemon [_thread_blocked, id=7184, stack(0x000000950ad00000,0x000000950ae00000)]
  0x000001e01fc464c0 JavaThread "C1 CompilerThread0" daemon [_thread_blocked, id=18160, stack(0x000000950ae00000,0x000000950af00000)]
  0x000001e01fc49a90 JavaThread "Sweeper thread" daemon [_thread_blocked, id=18848, stack(0x000000950af00000,0x000000950b000000)]
  0x000001e01fcd39f0 JavaThread "Common-Cleaner" daemon [_thread_blocked, id=9040, stack(0x000000950b000000,0x000000950b100000)]
  0x000001e01f19a370 JavaThread "C1 CompilerThread1" daemon [_thread_blocked, id=3096, stack(0x000000950b100000,0x000000950b200000)]
  0x000001e01f19a930 JavaThread "C1 CompilerThread2" daemon [_thread_blocked, id=13572, stack(0x000000950b200000,0x000000950b300000)]
  0x000001e01fd25f10 JavaThread "C1 CompilerThread3" daemon [_thread_blocked, id=17572, stack(0x000000950b300000,0x000000950b400000)]
  0x000001e01fe403a0 JavaThread "Notification Thread" daemon [_thread_blocked, id=10928, stack(0x000000950b400000,0x000000950b500000)]
  0x000001e02049c470 JavaThread "RMI TCP Accept-0" daemon [_thread_in_native, id=24860, stack(0x000000950b500000,0x000000950b600000)]
  0x000001e02049c940 JavaThread "RMI TCP Accept-52912" daemon [_thread_in_native, id=26808, stack(0x000000950b600000,0x000000950b700000)]
  0x000001e0204a59f0 JavaThread "RMI TCP Accept-0" daemon [_thread_in_native, id=26380, stack(0x000000950b700000,0x000000950b800000)]
  0x000001e0205444f0 JavaThread "RMI TCP Connection(1)-127.0.0.1" daemon [_thread_in_native, id=27604, stack(0x000000950b900000,0x000000950ba00000)]
  0x000001e0205ff9d0 JavaThread "RMI Scheduler(0)" daemon [_thread_blocked, id=29176, stack(0x000000950ba00000,0x000000950bb00000)]
  0x000001e020795240 JavaThread "RMI TCP Connection(2)-127.0.0.1" daemon [_thread_blocked, id=29544, stack(0x000000950bb00000,0x000000950bc00000)]
  0x000001e0207dc110 JavaThread "JMX server connection timeout 22" daemon [_thread_blocked, id=20680, stack(0x000000950bc00000,0x000000950bd00000)]
  0x000001e021fb7570 JavaThread "mysql-cj-abandoned-connection-cleanup" daemon [_thread_blocked, id=29524, stack(0x000000950c500000,0x000000950c600000)]
  0x000001e021fb7a40 JavaThread "HikariPool-1 housekeeper" daemon [_thread_blocked, id=29424, stack(0x000000950c900000,0x000000950ca00000)]
  0x000001e021fb4080 JavaThread "HikariPool-1 connection adder" daemon [_thread_blocked, id=23788, stack(0x000000950ca00000,0x000000950cb00000)]
  0x000001e021fb6230 JavaThread "Catalina-utility-1" [_thread_blocked, id=26196, stack(0x000000950cb00000,0x000000950cc00000)]
  0x000001e021fb6700 JavaThread "Catalina-utility-2" [_thread_blocked, id=22428, stack(0x000000950cc00000,0x000000950cd00000)]
  0x000001e021fb4a20 JavaThread "container-0" [_thread_blocked, id=8304, stack(0x000000950cd00000,0x000000950ce00000)]

Other Threads:
=>0x000001e01f216c60 VMThread "VM Thread" [stack: 0x000000950a600000,0x000000950a700000] [id=25576]
  0x000001e02049ce10 WatcherThread [stack: 0x000000950b800000,0x000000950b900000] [id=21284]
  0x000001e0114882b0 GCTaskThread "GC Thread#0" [stack: 0x000000950a100000,0x000000950a200000] [id=15480]
  0x000001e021637010 GCTaskThread "GC Thread#1" [stack: 0x000000950bd00000,0x000000950be00000] [id=18120]
  0x000001e0216372c0 GCTaskThread "GC Thread#2" [stack: 0x000000950be00000,0x000000950bf00000] [id=6584]
  0x000001e021654610 GCTaskThread "GC Thread#3" [stack: 0x000000950bf00000,0x000000950c000000] [id=26800]
  0x000001e0216548c0 GCTaskThread "GC Thread#4" [stack: 0x000000950c000000,0x000000950c100000] [id=26672]
  0x000001e021654f80 GCTaskThread "GC Thread#5" [stack: 0x000000950c100000,0x000000950c200000] [id=19008]
  0x000001e021655230 GCTaskThread "GC Thread#6" [stack: 0x000000950c200000,0x000000950c300000] [id=18196]
  0x000001e02185fa00 GCTaskThread "GC Thread#7" [stack: 0x000000950c600000,0x000000950c700000] [id=15648]
  0x000001e011498fd0 ConcurrentGCThread "G1 Main Marker" [stack: 0x000000950a200000,0x000000950a300000] [id=19240]
  0x000001e01149b030 ConcurrentGCThread "G1 Conc#0" [stack: 0x000000950a300000,0x000000950a400000] [id=9132]
  0x000001e0218aac70 ConcurrentGCThread "G1 Conc#1" [stack: 0x000000950c700000,0x000000950c800000] [id=6184]
  0x000001e0114ddbc0 ConcurrentGCThread "G1 Refine#0" [stack: 0x000000950a400000,0x000000950a500000] [id=3384]
  0x000001e0216554e0 ConcurrentGCThread "G1 Refine#1" [stack: 0x000000950c300000,0x000000950c400000] [id=29604]
  0x000001e0216557c0 ConcurrentGCThread "G1 Refine#2" [stack: 0x000000950c400000,0x000000950c500000] [id=11380]
  0x000001e0114de480 ConcurrentGCThread "G1 Service" [stack: 0x000000950a500000,0x000000950a600000] [id=7344]

Threads with active compile tasks:

VM state: at safepoint (normal execution)

VM Mutex/Monitor currently owned by a thread:  ([mutex/lock_event])
[0x000001e011426030] Threads_lock - owner thread: 0x000001e01f216c60
[0x000001e011426d20] Heap_lock - owner thread: 0x000001e01142a630

Heap address: 0x0000000081c00000, size: 2020 MB, Compressed Oops mode: 32-bit

CDS archive(s) not mapped
Compressed class space mapped at: 0x0000000100000000-0x0000000140000000, reserved size: 1073741824
Narrow klass base: 0x0000000000000000, Narrow klass shift: 3, Narrow klass range: 0x140000000

GC Precious Log:
 CPUs: 8 total, 8 available
 Memory: 8078M
 Large Page Support: Disabled
 NUMA Support: Disabled
 Compressed Oops: Enabled (32-bit)
 Heap Region Size: 1M
 Heap Min Capacity: 8M
 Heap Initial Capacity: 128M
 Heap Max Capacity: 2020M
 Pre-touch: Disabled
 Parallel Workers: 8
 Concurrent Workers: 2
 Concurrent Refinement Workers: 8
 Periodic GC: Disabled

Heap:
 garbage-first heap   total 131072K, used 27994K [0x0000000081c00000, 0x0000000100000000)
  region size 1024K, 3 young (3072K), 3 survivors (3072K)
 Metaspace       used 66631K, committed 67136K, reserved 1114112K
  class space    used 9287K, committed 9536K, reserved 1048576K

Heap Regions: E=young(eden), S=young(survivor), O=old, HS=humongous(starts), HC=humongous(continues), CS=collection set, F=free, OA=open archive, CA=closed archive, TAMS=top-at-mark-start (previous, next)
|   0|0x0000000081c00000, 0x0000000081d00000, 0x0000000081d00000|100%|HS|  |TAMS 0x0000000081d00000, 0x0000000081c00000| Complete 
|   1|0x0000000081d00000, 0x0000000081e00000, 0x0000000081e00000|100%| O|  |TAMS 0x0000000081e00000, 0x0000000081d00000| Untracked 
|   2|0x0000000081e00000, 0x0000000081f00000, 0x0000000081f00000|100%| O|  |TAMS 0x0000000081f00000, 0x0000000081e00000| Untracked 
|   3|0x0000000081f00000, 0x0000000082000000, 0x0000000082000000|100%| O|  |TAMS 0x0000000082000000, 0x0000000081f00000| Untracked 
|   4|0x0000000082000000, 0x0000000082100000, 0x0000000082100000|100%| O|  |TAMS 0x0000000082100000, 0x0000000082000000| Untracked 
|   5|0x0000000082100000, 0x0000000082200000, 0x0000000082200000|100%| O|  |TAMS 0x0000000082200000, 0x0000000082100000| Untracked 
|   6|0x0000000082200000, 0x0000000082300000, 0x0000000082300000|100%| O|  |TAMS 0x0000000082300000, 0x0000000082200000| Untracked 
|   7|0x0000000082300000, 0x0000000082300000, 0x0000000082400000|  0%| F|  |TAMS 0x0000000082300000, 0x0000000082300000| Untracked 
|   8|0x0000000082400000, 0x0000000082500000, 0x0000000082500000|100%| O|  |TAMS 0x0000000082500000, 0x0000000082400000| Untracked 
|   9|0x0000000082500000, 0x0000000082600000, 0x0000000082600000|100%| O|  |TAMS 0x0000000082600000, 0x0000000082500000| Untracked 
|  10|0x0000000082600000, 0x0000000082700000, 0x0000000082700000|100%| O|  |TAMS 0x0000000082700000, 0x0000000082600000| Untracked 
|  11|0x0000000082700000, 0x0000000082800000, 0x0000000082800000|100%| O|  |TAMS 0x0000000082800000, 0x0000000082700000| Untracked 
|  12|0x0000000082800000, 0x0000000082900000, 0x0000000082900000|100%| O|  |TAMS 0x0000000082900000, 0x0000000082800000| Untracked 
|  13|0x0000000082900000, 0x0000000082a00000, 0x0000000082a00000|100%| O|  |TAMS 0x0000000082a00000, 0x0000000082900000| Untracked 
|  14|0x0000000082a00000, 0x0000000082b00000, 0x0000000082b00000|100%| O|  |TAMS 0x0000000082b00000, 0x0000000082a00000| Untracked 
|  15|0x0000000082b00000, 0x0000000082c00000, 0x0000000082c00000|100%| O|  |TAMS 0x0000000082ba8200, 0x0000000082b00000| Untracked 
|  16|0x0000000082c00000, 0x0000000082d00000, 0x0000000082d00000|100%| O|  |TAMS 0x0000000082c00000, 0x0000000082c00000| Untracked 
|  17|0x0000000082d00000, 0x0000000082e00000, 0x0000000082e00000|100%| O|  |TAMS 0x0000000082d00000, 0x0000000082d00000| Untracked 
|  18|0x0000000082e00000, 0x0000000082f00000, 0x0000000082f00000|100%| O|  |TAMS 0x0000000082e00000, 0x0000000082e00000| Untracked 
|  19|0x0000000082f00000, 0x0000000083000000, 0x0000000083000000|100%| O|  |TAMS 0x0000000082f00000, 0x0000000082f00000| Untracked 
|  20|0x0000000083000000, 0x0000000083100000, 0x0000000083100000|100%| O|  |TAMS 0x0000000083100000, 0x0000000083000000| Untracked 
|  21|0x0000000083100000, 0x0000000083200000, 0x0000000083200000|100%| O|  |TAMS 0x0000000083200000, 0x0000000083100000| Untracked 
|  22|0x0000000083200000, 0x0000000083300000, 0x0000000083300000|100%| O|  |TAMS 0x0000000083300000, 0x0000000083200000| Untracked 
|  23|0x0000000083300000, 0x0000000083400000, 0x0000000083400000|100%| O|  |TAMS 0x0000000083400000, 0x0000000083300000| Untracked 
|  24|0x0000000083400000, 0x0000000083500000, 0x0000000083500000|100%| O|  |TAMS 0x0000000083500000, 0x0000000083400000| Untracked 
|  25|0x0000000083500000, 0x000000008358b000, 0x0000000083600000| 54%| O|  |TAMS 0x0000000083500000, 0x0000000083500000| Untracked 
|  26|0x0000000083600000, 0x0000000083600000, 0x0000000083700000|  0%| F|  |TAMS 0x0000000083600000, 0x0000000083600000| Untracked 
|  27|0x0000000083700000, 0x0000000083700000, 0x0000000083800000|  0%| F|  |TAMS 0x0000000083700000, 0x0000000083700000| Untracked 
|  28|0x0000000083800000, 0x0000000083800000, 0x0000000083900000|  0%| F|  |TAMS 0x0000000083800000, 0x0000000083800000| Untracked 
|  29|0x0000000083900000, 0x0000000083900000, 0x0000000083a00000|  0%| F|  |TAMS 0x0000000083900000, 0x0000000083900000| Untracked 
|  30|0x0000000083a00000, 0x0000000083a00000, 0x0000000083b00000|  0%| F|  |TAMS 0x0000000083a00000, 0x0000000083a00000| Untracked 
|  31|0x0000000083b00000, 0x0000000083b00000, 0x0000000083c00000|  0%| F|  |TAMS 0x0000000083b00000, 0x0000000083b00000| Untracked 
|  32|0x0000000083c00000, 0x0000000083c00000, 0x0000000083d00000|  0%| F|  |TAMS 0x0000000083c00000, 0x0000000083c00000| Untracked 
|  33|0x0000000083d00000, 0x0000000083d00000, 0x0000000083e00000|  0%| F|  |TAMS 0x0000000083d00000, 0x0000000083d00000| Untracked 
|  34|0x0000000083e00000, 0x0000000083e00000, 0x0000000083f00000|  0%| F|  |TAMS 0x0000000083e00000, 0x0000000083e00000| Untracked 
|  35|0x0000000083f00000, 0x0000000083fcbb80, 0x0000000084000000| 79%| S|CS|TAMS 0x0000000083f00000, 0x0000000083f00000| Complete 
|  36|0x0000000084000000, 0x0000000084000000, 0x0000000084100000|  0%| F|  |TAMS 0x0000000084000000, 0x0000000084000000| Untracked 
|  37|0x0000000084100000, 0x0000000084100000, 0x0000000084200000|  0%| F|  |TAMS 0x0000000084100000, 0x0000000084100000| Untracked 
|  38|0x0000000084200000, 0x0000000084300000, 0x0000000084300000|100%| S|CS|TAMS 0x0000000084200000, 0x0000000084200000| Complete 
|  39|0x0000000084300000, 0x0000000084400000, 0x0000000084400000|100%| S|CS|TAMS 0x0000000084300000, 0x0000000084300000| Complete 
|  40|0x0000000084400000, 0x0000000084400000, 0x0000000084500000|  0%| F|  |TAMS 0x0000000084400000, 0x0000000084400000| Untracked 
|  41|0x0000000084500000, 0x0000000084500000, 0x0000000084600000|  0%| F|  |TAMS 0x0000000084500000, 0x0000000084500000| Untracked 
|  42|0x0000000084600000, 0x0000000084600000, 0x0000000084700000|  0%| F|  |TAMS 0x0000000084600000, 0x0000000084600000| Untracked 
|  43|0x0000000084700000, 0x0000000084700000, 0x0000000084800000|  0%| F|  |TAMS 0x0000000084700000, 0x0000000084700000| Untracked 
|  44|0x0000000084800000, 0x0000000084800000, 0x0000000084900000|  0%| F|  |TAMS 0x0000000084800000, 0x0000000084800000| Untracked 
|  45|0x0000000084900000, 0x0000000084900000, 0x0000000084a00000|  0%| F|  |TAMS 0x0000000084900000, 0x0000000084900000| Untracked 
|  46|0x0000000084a00000, 0x0000000084a00000, 0x0000000084b00000|  0%| F|  |TAMS 0x0000000084a00000, 0x0000000084a00000| Untracked 
|  47|0x0000000084b00000, 0x0000000084b00000, 0x0000000084c00000|  0%| F|  |TAMS 0x0000000084b00000, 0x0000000084b00000| Untracked 
|  48|0x0000000084c00000, 0x0000000084c00000, 0x0000000084d00000|  0%| F|  |TAMS 0x0000000084c00000, 0x0000000084c00000| Untracked 
|  49|0x0000000084d00000, 0x0000000084d00000, 0x0000000084e00000|  0%| F|  |TAMS 0x0000000084d00000, 0x0000000084d00000| Untracked 
|  50|0x0000000084e00000, 0x0000000084e00000, 0x0000000084f00000|  0%| F|  |TAMS 0x0000000084e00000, 0x0000000084e00000| Untracked 
|  51|0x0000000084f00000, 0x0000000084f00000, 0x0000000085000000|  0%| F|  |TAMS 0x0000000084f00000, 0x0000000084f00000| Untracked 
|  52|0x0000000085000000, 0x0000000085000000, 0x0000000085100000|  0%| F|  |TAMS 0x0000000085000000, 0x0000000085000000| Untracked 
|  53|0x0000000085100000, 0x0000000085100000, 0x0000000085200000|  0%| F|  |TAMS 0x0000000085100000, 0x0000000085100000| Untracked 
|  54|0x0000000085200000, 0x0000000085200000, 0x0000000085300000|  0%| F|  |TAMS 0x0000000085200000, 0x0000000085200000| Untracked 
|  55|0x0000000085300000, 0x0000000085300000, 0x0000000085400000|  0%| F|  |TAMS 0x0000000085300000, 0x0000000085300000| Untracked 
|  56|0x0000000085400000, 0x0000000085400000, 0x0000000085500000|  0%| F|  |TAMS 0x0000000085400000, 0x0000000085400000| Untracked 
|  57|0x0000000085500000, 0x0000000085500000, 0x0000000085600000|  0%| F|  |TAMS 0x0000000085500000, 0x0000000085500000| Untracked 
|  58|0x0000000085600000, 0x0000000085600000, 0x0000000085700000|  0%| F|  |TAMS 0x0000000085600000, 0x0000000085600000| Untracked 
|  59|0x0000000085700000, 0x0000000085700000, 0x0000000085800000|  0%| F|  |TAMS 0x0000000085700000, 0x0000000085700000| Untracked 
|  60|0x0000000085800000, 0x0000000085800000, 0x0000000085900000|  0%| F|  |TAMS 0x0000000085800000, 0x0000000085800000| Untracked 
|  61|0x0000000085900000, 0x0000000085900000, 0x0000000085a00000|  0%| F|  |TAMS 0x0000000085900000, 0x0000000085900000| Untracked 
|  62|0x0000000085a00000, 0x0000000085a00000, 0x0000000085b00000|  0%| F|  |TAMS 0x0000000085a00000, 0x0000000085a00000| Untracked 
|  63|0x0000000085b00000, 0x0000000085b00000, 0x0000000085c00000|  0%| F|  |TAMS 0x0000000085b00000, 0x0000000085b00000| Untracked 
|  64|0x0000000085c00000, 0x0000000085c00000, 0x0000000085d00000|  0%| F|  |TAMS 0x0000000085c00000, 0x0000000085c00000| Untracked 
|  65|0x0000000085d00000, 0x0000000085d00000, 0x0000000085e00000|  0%| F|  |TAMS 0x0000000085d00000, 0x0000000085d00000| Untracked 
|  66|0x0000000085e00000, 0x0000000085e00000, 0x0000000085f00000|  0%| F|  |TAMS 0x0000000085e00000, 0x0000000085e00000| Untracked 
|  67|0x0000000085f00000, 0x0000000085f00000, 0x0000000086000000|  0%| F|  |TAMS 0x0000000085f00000, 0x0000000085f00000| Untracked 
|  68|0x0000000086000000, 0x0000000086000000, 0x0000000086100000|  0%| F|  |TAMS 0x0000000086000000, 0x0000000086000000| Untracked 
|  69|0x0000000086100000, 0x0000000086100000, 0x0000000086200000|  0%| F|  |TAMS 0x0000000086100000, 0x0000000086100000| Untracked 
|  70|0x0000000086200000, 0x0000000086200000, 0x0000000086300000|  0%| F|  |TAMS 0x0000000086200000, 0x0000000086200000| Untracked 
|  71|0x0000000086300000, 0x0000000086300000, 0x0000000086400000|  0%| F|  |TAMS 0x0000000086300000, 0x0000000086300000| Untracked 
|  72|0x0000000086400000, 0x0000000086400000, 0x0000000086500000|  0%| F|  |TAMS 0x0000000086400000, 0x0000000086400000| Untracked 
|  73|0x0000000086500000, 0x0000000086500000, 0x0000000086600000|  0%| F|  |TAMS 0x0000000086500000, 0x0000000086500000| Untracked 
|  74|0x0000000086600000, 0x0000000086600000, 0x0000000086700000|  0%| F|  |TAMS 0x0000000086600000, 0x0000000086600000| Untracked 
|  75|0x0000000086700000, 0x0000000086700000, 0x0000000086800000|  0%| F|  |TAMS 0x0000000086700000, 0x0000000086700000| Untracked 
|  76|0x0000000086800000, 0x0000000086800000, 0x0000000086900000|  0%| F|  |TAMS 0x0000000086800000, 0x0000000086800000| Untracked 
|  77|0x0000000086900000, 0x0000000086900000, 0x0000000086a00000|  0%| F|  |TAMS 0x0000000086900000, 0x0000000086900000| Untracked 
|  78|0x0000000086a00000, 0x0000000086a00000, 0x0000000086b00000|  0%| F|  |TAMS 0x0000000086a00000, 0x0000000086a00000| Untracked 
|  79|0x0000000086b00000, 0x0000000086b00000, 0x0000000086c00000|  0%| F|  |TAMS 0x0000000086b00000, 0x0000000086b00000| Untracked 
|  80|0x0000000086c00000, 0x0000000086c00000, 0x0000000086d00000|  0%| F|  |TAMS 0x0000000086c00000, 0x0000000086c00000| Untracked 
|  81|0x0000000086d00000, 0x0000000086d00000, 0x0000000086e00000|  0%| F|  |TAMS 0x0000000086d00000, 0x0000000086d00000| Untracked 
|  82|0x0000000086e00000, 0x0000000086e00000, 0x0000000086f00000|  0%| F|  |TAMS 0x0000000086e00000, 0x0000000086e00000| Untracked 
|  83|0x0000000086f00000, 0x0000000086f00000, 0x0000000087000000|  0%| F|  |TAMS 0x0000000086f00000, 0x0000000086f00000| Untracked 
|  84|0x0000000087000000, 0x0000000087000000, 0x0000000087100000|  0%| F|  |TAMS 0x0000000087000000, 0x0000000087000000| Untracked 
|  85|0x0000000087100000, 0x0000000087100000, 0x0000000087200000|  0%| F|  |TAMS 0x0000000087100000, 0x0000000087100000| Untracked 
|  86|0x0000000087200000, 0x0000000087200000, 0x0000000087300000|  0%| F|  |TAMS 0x0000000087200000, 0x0000000087200000| Untracked 
|  87|0x0000000087300000, 0x0000000087300000, 0x0000000087400000|  0%| F|  |TAMS 0x0000000087300000, 0x0000000087300000| Untracked 
|  88|0x0000000087400000, 0x0000000087400000, 0x0000000087500000|  0%| F|  |TAMS 0x0000000087400000, 0x0000000087400000| Untracked 
|  89|0x0000000087500000, 0x0000000087500000, 0x0000000087600000|  0%| F|  |TAMS 0x0000000087500000, 0x0000000087500000| Untracked 
|  90|0x0000000087600000, 0x0000000087600000, 0x0000000087700000|  0%| F|  |TAMS 0x0000000087600000, 0x0000000087600000| Untracked 
|  91|0x0000000087700000, 0x0000000087700000, 0x0000000087800000|  0%| F|  |TAMS 0x0000000087700000, 0x0000000087700000| Untracked 
|  92|0x0000000087800000, 0x0000000087800000, 0x0000000087900000|  0%| F|  |TAMS 0x0000000087800000, 0x0000000087800000| Untracked 
|  93|0x0000000087900000, 0x0000000087900000, 0x0000000087a00000|  0%| F|  |TAMS 0x0000000087900000, 0x0000000087900000| Untracked 
|  94|0x0000000087a00000, 0x0000000087a00000, 0x0000000087b00000|  0%| F|  |TAMS 0x0000000087a00000, 0x0000000087a00000| Untracked 
|  95|0x0000000087b00000, 0x0000000087b00000, 0x0000000087c00000|  0%| F|  |TAMS 0x0000000087b00000, 0x0000000087b00000| Untracked 
|  96|0x0000000087c00000, 0x0000000087c00000, 0x0000000087d00000|  0%| F|  |TAMS 0x0000000087c00000, 0x0000000087c00000| Untracked 
|  97|0x0000000087d00000, 0x0000000087d00000, 0x0000000087e00000|  0%| F|  |TAMS 0x0000000087d00000, 0x0000000087d00000| Untracked 
|  98|0x0000000087e00000, 0x0000000087e00000, 0x0000000087f00000|  0%| F|  |TAMS 0x0000000087e00000, 0x0000000087e00000| Untracked 
|  99|0x0000000087f00000, 0x0000000087f00000, 0x0000000088000000|  0%| F|  |TAMS 0x0000000087f00000, 0x0000000087f00000| Untracked 
| 100|0x0000000088000000, 0x0000000088000000, 0x0000000088100000|  0%| F|  |TAMS 0x0000000088000000, 0x0000000088000000| Untracked 
| 101|0x0000000088100000, 0x0000000088100000, 0x0000000088200000|  0%| F|  |TAMS 0x0000000088100000, 0x0000000088100000| Untracked 
| 102|0x0000000088200000, 0x0000000088200000, 0x0000000088300000|  0%| F|  |TAMS 0x0000000088200000, 0x0000000088200000| Untracked 
| 103|0x0000000088300000, 0x0000000088300000, 0x0000000088400000|  0%| F|  |TAMS 0x0000000088300000, 0x0000000088300000| Untracked 
| 104|0x0000000088400000, 0x0000000088400000, 0x0000000088500000|  0%| F|  |TAMS 0x0000000088400000, 0x0000000088400000| Untracked 
| 105|0x0000000088500000, 0x0000000088500000, 0x0000000088600000|  0%| F|  |TAMS 0x0000000088500000, 0x0000000088500000| Untracked 
| 106|0x0000000088600000, 0x0000000088600000, 0x0000000088700000|  0%| F|  |TAMS 0x0000000088600000, 0x0000000088600000| Untracked 
| 107|0x0000000088700000, 0x0000000088700000, 0x0000000088800000|  0%| F|  |TAMS 0x0000000088700000, 0x0000000088700000| Untracked 
| 108|0x0000000088800000, 0x0000000088800000, 0x0000000088900000|  0%| F|  |TAMS 0x0000000088800000, 0x0000000088800000| Untracked 
| 109|0x0000000088900000, 0x0000000088900000, 0x0000000088a00000|  0%| F|  |TAMS 0x0000000088900000, 0x0000000088900000| Untracked 
| 110|0x0000000088a00000, 0x0000000088a00000, 0x0000000088b00000|  0%| F|  |TAMS 0x0000000088a00000, 0x0000000088a00000| Untracked 
| 111|0x0000000088b00000, 0x0000000088b00000, 0x0000000088c00000|  0%| F|  |TAMS 0x0000000088b00000, 0x0000000088b00000| Untracked 
| 112|0x0000000088c00000, 0x0000000088c00000, 0x0000000088d00000|  0%| F|  |TAMS 0x0000000088c00000, 0x0000000088c00000| Untracked 
| 113|0x0000000088d00000, 0x0000000088d00000, 0x0000000088e00000|  0%| F|  |TAMS 0x0000000088d00000, 0x0000000088d00000| Untracked 
| 114|0x0000000088e00000, 0x0000000088e00000, 0x0000000088f00000|  0%| F|  |TAMS 0x0000000088e00000, 0x0000000088e00000| Untracked 
| 115|0x0000000088f00000, 0x0000000088f00000, 0x0000000089000000|  0%| F|  |TAMS 0x0000000088f00000, 0x0000000088f00000| Untracked 
| 116|0x0000000089000000, 0x0000000089000000, 0x0000000089100000|  0%| F|  |TAMS 0x0000000089000000, 0x0000000089000000| Untracked 
| 117|0x0000000089100000, 0x0000000089100000, 0x0000000089200000|  0%| F|  |TAMS 0x0000000089100000, 0x0000000089100000| Untracked 
| 118|0x0000000089200000, 0x0000000089200000, 0x0000000089300000|  0%| F|  |TAMS 0x0000000089200000, 0x0000000089200000| Untracked 
| 119|0x0000000089300000, 0x0000000089300000, 0x0000000089400000|  0%| F|  |TAMS 0x0000000089300000, 0x0000000089300000| Untracked 
| 120|0x0000000089400000, 0x0000000089400000, 0x0000000089500000|  0%| F|  |TAMS 0x0000000089400000, 0x0000000089400000| Untracked 
| 121|0x0000000089500000, 0x0000000089500000, 0x0000000089600000|  0%| F|  |TAMS 0x0000000089500000, 0x0000000089500000| Untracked 
| 122|0x0000000089600000, 0x0000000089600000, 0x0000000089700000|  0%| F|  |TAMS 0x0000000089600000, 0x0000000089600000| Untracked 
| 123|0x0000000089700000, 0x0000000089700000, 0x0000000089800000|  0%| F|  |TAMS 0x0000000089700000, 0x0000000089700000| Untracked 
| 124|0x0000000089800000, 0x0000000089800000, 0x0000000089900000|  0%| F|  |TAMS 0x0000000089800000, 0x0000000089800000| Untracked 
| 125|0x0000000089900000, 0x0000000089900000, 0x0000000089a00000|  0%| F|  |TAMS 0x0000000089900000, 0x0000000089900000| Untracked 
| 126|0x0000000089a00000, 0x0000000089a00000, 0x0000000089b00000|  0%| F|  |TAMS 0x0000000089a00000, 0x0000000089a00000| Untracked 
| 127|0x0000000089b00000, 0x0000000089b00000, 0x0000000089c00000|  0%| F|  |TAMS 0x0000000089b00000, 0x0000000089b00000| Untracked 

Card table byte_map: [0x000001e017fe0000,0x000001e0183e0000] _byte_map_base: 0x000001e017bd2000

Marking Bits (Prev, Next): (CMBitMap*) 0x000001e011488900, (CMBitMap*) 0x000001e0114888c0
 Prev Bits: [0x000001e01a770000, 0x000001e01c700000)
 Next Bits: [0x000001e0187e0000, 0x000001e01a770000)

Polling page: 0x000001e00f5a0000

Metaspace:

Usage:
  Non-class:     56.00 MB used.
      Class:      9.07 MB used.
       Both:     65.07 MB used.

Virtual space:
  Non-class space:       64.00 MB reserved,      56.25 MB ( 88%) committed,  8 nodes.
      Class space:        1.00 GB reserved,       9.31 MB ( <1%) committed,  1 nodes.
             Both:        1.06 GB reserved,      65.56 MB (  6%) committed. 

Chunk freelists:
   Non-Class:  3.50 MB
       Class:  2.73 MB
        Both:  6.23 MB

MaxMetaspaceSize: unlimited
CompressedClassSpaceSize: 1.00 GB
Initial GC threshold: 21.00 MB
Current GC threshold: 99.00 MB
CDS: off
MetaspaceReclaimPolicy: balanced
 - commit_granule_bytes: 65536.
 - commit_granule_words: 8192.
 - virtual_space_node_default_size: 1048576.
 - enlarge_chunks_in_place: 1.
 - new_chunks_are_fully_committed: 0.
 - uncommit_free_chunks: 1.
 - use_allocation_guard: 0.
 - handle_deallocations: 1.


Internal statistics:

num_allocs_failed_limit: 9.
num_arena_births: 694.
num_arena_deaths: 0.
num_vsnodes_births: 9.
num_vsnodes_deaths: 0.
num_space_committed: 1049.
num_space_uncommitted: 0.
num_chunks_returned_to_freelist: 9.
num_chunks_taken_from_freelist: 2777.
num_chunk_merges: 6.
num_chunk_splits: 2023.
num_chunks_enlarged: 1600.
num_purges: 0.
num_inconsistent_stats: 0.

CodeCache: size=49152Kb used=10882Kb max_used=10882Kb free=38269Kb
 bounds [0x000001e014ad0000, 0x000001e015580000, 0x000001e017ad0000]
 total_blobs=5869 nmethods=5237 adapters=556
 compilation: enabled
              stopped_count=0, restarted_count=0
 full_count=0

Compilation events (20 events):
Event: 7.907 Thread 0x000001e01fc464c0 5229   !   1       org.springframework.aop.framework.autoproxy.BeanFactoryAdvisorRetrievalHelper::findAdvisorBeans (242 bytes)
Event: 7.907 Thread 0x000001e01fd25f10 5230       1       org.springframework.aop.framework.autoproxy.AbstractAdvisorAutoProxyCreator$BeanFactoryAdvisorRetrievalHelperAdapter::isEligibleBean (9 bytes)
Event: 7.907 Thread 0x000001e01fd25f10 nmethod 5230 0x000001e01556a290 code [0x000001e01556a420, 0x000001e01556a4f8]
Event: 7.907 Thread 0x000001e01fd25f10 5233   !   1       org.springframework.aop.aspectj.annotation.BeanFactoryAspectJAdvisorsBuilder::buildAspectJAdvisors (476 bytes)
Event: 7.907 Thread 0x000001e01f19a930 nmethod 5228 0x000001e01556a590 code [0x000001e01556a740, 0x000001e01556a8d8]
Event: 7.907 Thread 0x000001e01f19a930 5231       1       org.springframework.beans.factory.support.DefaultSingletonBeanRegistry::isCurrentlyInCreation (33 bytes)
Event: 7.907 Thread 0x000001e01f19a370 nmethod 5227 0x000001e01556aa10 code [0x000001e01556abe0, 0x000001e01556add8]
Event: 7.907 Thread 0x000001e01f19a370 5232       1       org.springframework.beans.factory.support.AbstractBeanFactory::isActuallyInCreation (22 bytes)
Event: 7.908 Thread 0x000001e01f19a930 nmethod 5231 0x000001e01556af90 code [0x000001e01556b140, 0x000001e01556b328]
Event: 7.908 Thread 0x000001e01f19a370 nmethod 5232 0x000001e01556b410 code [0x000001e01556b5c0, 0x000001e01556b718]
Event: 7.909 Thread 0x000001e01fc464c0 nmethod 5229 0x000001e01556b810 code [0x000001e01556bb00, 0x000001e01556c738]
Event: 7.910 Thread 0x000001e01fd25f10 nmethod 5233 0x000001e01556d010 code [0x000001e01556d400, 0x000001e01556e598]
Event: 7.912 Thread 0x000001e01fc464c0 5234   !   1       org.springframework.beans.factory.annotation.InitDestroyAnnotationBeanPostProcessor::findLifecycleMetadata (87 bytes)
Event: 7.912 Thread 0x000001e01fc464c0 nmethod 5234 0x000001e01556f590 code [0x000001e01556f780, 0x000001e01556fae8]
Event: 7.935 Thread 0x000001e01fc464c0 5235   !   1       jdk.proxy2.$Proxy32::annotationType (29 bytes)
Event: 7.935 Thread 0x000001e01fc464c0 nmethod 5235 0x000001e01556fd10 code [0x000001e01556fec0, 0x000001e0155700d8]
Event: 7.936 Thread 0x000001e01fc464c0 5236   !   1       jdk.proxy2.$Proxy44::annotationType (29 bytes)
Event: 7.936 Thread 0x000001e01fc464c0 nmethod 5236 0x000001e015570210 code [0x000001e0155703c0, 0x000001e0155705d8]
Event: 7.937 Thread 0x000001e01fc464c0 5237       1       org.springframework.beans.factory.support.DefaultListableBeanFactory::findAnnotationOnBean (8 bytes)
Event: 7.937 Thread 0x000001e01fc464c0 nmethod 5237 0x000001e015570710 code [0x000001e0155708a0, 0x000001e015570988]

GC Heap History (20 events):
Event: 3.849 GC heap after
{Heap after GC invocations=9 (full 0):
 garbage-first heap   total 77824K, used 14859K [0x0000000081c00000, 0x0000000100000000)
  region size 1024K, 3 young (3072K), 3 survivors (3072K)
 Metaspace       used 32386K, committed 32704K, reserved 1081344K
  class space    used 4058K, committed 4224K, reserved 1048576K
}
Event: 4.187 GC heap before
{Heap before GC invocations=9 (full 0):
 garbage-first heap   total 77824K, used 34315K [0x0000000081c00000, 0x0000000100000000)
  region size 1024K, 23 young (23552K), 3 survivors (3072K)
 Metaspace       used 35751K, committed 36160K, reserved 1081344K
  class space    used 4580K, committed 4800K, reserved 1048576K
}
Event: 4.196 GC heap after
{Heap after GC invocations=10 (full 0):
 garbage-first heap   total 77824K, used 16526K [0x0000000081c00000, 0x0000000100000000)
  region size 1024K, 4 young (4096K), 4 survivors (4096K)
 Metaspace       used 35751K, committed 36160K, reserved 1081344K
  class space    used 4580K, committed 4800K, reserved 1048576K
}
Event: 5.202 GC heap before
{Heap before GC invocations=11 (full 0):
 garbage-first heap   total 58368K, used 49152K [0x0000000081c00000, 0x0000000100000000)
  region size 1024K, 37 young (37888K), 4 survivors (4096K)
 Metaspace       used 41541K, committed 42048K, reserved 1089536K
  class space    used 5398K, committed 5632K, reserved 1048576K
}
Event: 5.221 GC heap after
{Heap after GC invocations=12 (full 0):
 garbage-first heap   total 58368K, used 19553K [0x0000000081c00000, 0x0000000100000000)
  region size 1024K, 6 young (6144K), 6 survivors (6144K)
 Metaspace       used 41541K, committed 42048K, reserved 1089536K
  class space    used 5398K, committed 5632K, reserved 1048576K
}
Event: 5.958 GC heap before
{Heap before GC invocations=12 (full 0):
 garbage-first heap   total 58368K, used 42081K [0x0000000081c00000, 0x0000000100000000)
  region size 1024K, 29 young (29696K), 6 survivors (6144K)
 Metaspace       used 47780K, committed 48256K, reserved 1097728K
  class space    used 6279K, committed 6464K, reserved 1048576K
}
Event: 5.967 GC heap after
{Heap after GC invocations=13 (full 0):
 garbage-first heap   total 58368K, used 21736K [0x0000000081c00000, 0x0000000100000000)
  region size 1024K, 3 young (3072K), 3 survivors (3072K)
 Metaspace       used 47780K, committed 48256K, reserved 1097728K
  class space    used 6279K, committed 6464K, reserved 1048576K
}
Event: 6.270 GC heap before
{Heap before GC invocations=13 (full 0):
 garbage-first heap   total 58368K, used 44264K [0x0000000081c00000, 0x0000000100000000)
  region size 1024K, 25 young (25600K), 3 survivors (3072K)
 Metaspace       used 53674K, committed 54144K, reserved 1097728K
  class space    used 7143K, committed 7360K, reserved 1048576K
}
Event: 6.276 GC heap after
{Heap after GC invocations=14 (full 0):
 garbage-first heap   total 58368K, used 22865K [0x0000000081c00000, 0x0000000100000000)
  region size 1024K, 4 young (4096K), 4 survivors (4096K)
 Metaspace       used 53674K, committed 54144K, reserved 1097728K
  class space    used 7143K, committed 7360K, reserved 1048576K
}
Event: 6.631 GC heap before
{Heap before GC invocations=14 (full 0):
 garbage-first heap   total 58368K, used 43345K [0x0000000081c00000, 0x0000000100000000)
  region size 1024K, 25 young (25600K), 4 survivors (4096K)
 Metaspace       used 58641K, committed 59200K, reserved 1105920K
  class space    used 7930K, committed 8192K, reserved 1048576K
}
Event: 6.638 GC heap after
{Heap after GC invocations=15 (full 0):
 garbage-first heap   total 70656K, used 23851K [0x0000000081c00000, 0x0000000100000000)
  region size 1024K, 3 young (3072K), 3 survivors (3072K)
 Metaspace       used 58641K, committed 59200K, reserved 1105920K
  class space    used 7930K, committed 8192K, reserved 1048576K
}
Event: 6.730 GC heap before
{Heap before GC invocations=15 (full 0):
 garbage-first heap   total 70656K, used 28971K [0x0000000081c00000, 0x0000000100000000)
  region size 1024K, 9 young (9216K), 3 survivors (3072K)
 Metaspace       used 60024K, committed 60480K, reserved 1105920K
  class space    used 8224K, committed 8448K, reserved 1048576K
}
Event: 6.737 GC heap after
{Heap after GC invocations=16 (full 0):
 garbage-first heap   total 70656K, used 24216K [0x0000000081c00000, 0x0000000100000000)
  region size 1024K, 3 young (3072K), 3 survivors (3072K)
 Metaspace       used 60024K, committed 60480K, reserved 1105920K
  class space    used 8224K, committed 8448K, reserved 1048576K
}
Event: 6.967 GC heap before
{Heap before GC invocations=17 (full 0):
 garbage-first heap   total 70656K, used 55960K [0x0000000081c00000, 0x0000000100000000)
  region size 1024K, 34 young (34816K), 3 survivors (3072K)
 Metaspace       used 61460K, committed 61952K, reserved 1105920K
  class space    used 8584K, committed 8832K, reserved 1048576K
}
Event: 6.973 GC heap after
{Heap after GC invocations=18 (full 0):
 garbage-first heap   total 70656K, used 25414K [0x0000000081c00000, 0x0000000100000000)
  region size 1024K, 3 young (3072K), 3 survivors (3072K)
 Metaspace       used 61460K, committed 61952K, reserved 1105920K
  class space    used 8584K, committed 8832K, reserved 1048576K
}
Event: 6.976 GC heap before
{Heap before GC invocations=18 (full 0):
 garbage-first heap   total 70656K, used 26438K [0x0000000081c00000, 0x0000000100000000)
  region size 1024K, 4 young (4096K), 3 survivors (3072K)
 Metaspace       used 61460K, committed 61952K, reserved 1105920K
  class space    used 8584K, committed 8832K, reserved 1048576K
}
Event: 6.982 GC heap after
{Heap after GC invocations=19 (full 0):
 garbage-first heap   total 70656K, used 25638K [0x0000000081c00000, 0x0000000100000000)
  region size 1024K, 1 young (1024K), 1 survivors (1024K)
 Metaspace       used 61460K, committed 61952K, reserved 1105920K
  class space    used 8584K, committed 8832K, reserved 1048576K
}
Event: 7.401 GC heap before
{Heap before GC invocations=19 (full 0):
 garbage-first heap   total 70656K, used 56358K [0x0000000081c00000, 0x0000000100000000)
  region size 1024K, 31 young (31744K), 1 survivors (1024K)
 Metaspace       used 65313K, committed 65792K, reserved 1105920K
  class space    used 9104K, committed 9344K, reserved 1048576K
}
Event: 7.413 GC heap after
{Heap after GC invocations=20 (full 0):
 garbage-first heap   total 70656K, used 26767K [0x0000000081c00000, 0x0000000100000000)
  region size 1024K, 2 young (2048K), 2 survivors (2048K)
 Metaspace       used 65313K, committed 65792K, reserved 1105920K
  class space    used 9104K, committed 9344K, reserved 1048576K
}
Event: 7.979 GC heap before
{Heap before GC invocations=20 (full 0):
 garbage-first heap   total 70656K, used 56463K [0x0000000081c00000, 0x0000000100000000)
  region size 1024K, 31 young (31744K), 2 survivors (2048K)
 Metaspace       used 66631K, committed 67136K, reserved 1114112K
  class space    used 9287K, committed 9536K, reserved 1048576K
}

Dll operation events (9 events):
Event: 0.011 Loaded shared library C:\Users\mohan\.p2\pool\plugins\org.eclipse.justj.openjdk.hotspot.jre.full.win32.x86_64_17.0.5.v20221102-0933\jre\bin\java.dll
Event: 0.305 Loaded shared library C:\Users\mohan\.p2\pool\plugins\org.eclipse.justj.openjdk.hotspot.jre.full.win32.x86_64_17.0.5.v20221102-0933\jre\bin\jimage.dll
Event: 0.386 Loaded shared library C:\Users\mohan\.p2\pool\plugins\org.eclipse.justj.openjdk.hotspot.jre.full.win32.x86_64_17.0.5.v20221102-0933\jre\bin\net.dll
Event: 0.390 Loaded shared library C:\Users\mohan\.p2\pool\plugins\org.eclipse.justj.openjdk.hotspot.jre.full.win32.x86_64_17.0.5.v20221102-0933\jre\bin\nio.dll
Event: 0.417 Loaded shared library C:\Users\mohan\.p2\pool\plugins\org.eclipse.justj.openjdk.hotspot.jre.full.win32.x86_64_17.0.5.v20221102-0933\jre\bin\zip.dll
Event: 0.721 Loaded shared library C:\Users\mohan\.p2\pool\plugins\org.eclipse.justj.openjdk.hotspot.jre.full.win32.x86_64_17.0.5.v20221102-0933\jre\bin\management.dll
Event: 0.781 Loaded shared library C:\Users\mohan\.p2\pool\plugins\org.eclipse.justj.openjdk.hotspot.jre.full.win32.x86_64_17.0.5.v20221102-0933\jre\bin\management_ext.dll
Event: 2.900 Loaded shared library C:\Users\mohan\.p2\pool\plugins\org.eclipse.justj.openjdk.hotspot.jre.full.win32.x86_64_17.0.5.v20221102-0933\jre\bin\verify.dll
Event: 4.587 Loaded shared library C:\Users\mohan\.p2\pool\plugins\org.eclipse.justj.openjdk.hotspot.jre.full.win32.x86_64_17.0.5.v20221102-0933\jre\bin\sunmscapi.dll

Deoptimization events (6 events):
Event: 2.962 Thread 0x000001e01142a630 DEOPT PACKING pc=0x000001e015062f19 sp=0x000000950a0fd870
Event: 2.962 Thread 0x000001e01142a630 DEOPT UNPACKING pc=0x000001e014b22b43 sp=0x000000950a0fcd50 mode 3
Event: 4.315 Thread 0x000001e01142a630 DEOPT PACKING pc=0x000001e01530c5fd sp=0x000000950a0fd920
Event: 4.315 Thread 0x000001e01142a630 DEOPT UNPACKING pc=0x000001e014b22b43 sp=0x000000950a0fce88 mode 3
Event: 7.217 Thread 0x000001e01142a630 DEOPT PACKING pc=0x000001e015092214 sp=0x000000950a0fb8d0
Event: 7.217 Thread 0x000001e01142a630 DEOPT UNPACKING pc=0x000001e014b22b43 sp=0x000000950a0fae28 mode 0

Classes unloaded (0 events):
No events

Classes redefined (0 events):
No events

Internal exceptions (20 events):
Event: 6.577 Thread 0x000001e01142a630 Exception <a 'java/lang/NoSuchMethodError'{0x000000008435d548}: 'java.lang.Object java.lang.invoke.DirectMethodHandle$Holder.invokeSpecial(java.lang.Object, java.lang.Object, java.lang.Object, java.lang.Object, java.lang.Object, java.lang.Object, java.lang.Object, java.lang.Object, int)'> (0x000000008435d548) 
thrown [s\src\hotspot\share\interpreter\linkResolver.cpp, line 759]
Event: 6.602 Thread 0x000001e01142a630 Exception <a 'java/lang/NoSuchMethodError'{0x00000000842c3dd0}: 'void java.lang.invoke.DirectMethodHandle$Holder.invokeInterface(java.lang.Object, java.lang.Object)'> (0x00000000842c3dd0) 
thrown [s\src\hotspot\share\interpreter\linkResolver.cpp, line 759]
Event: 6.891 Thread 0x000001e01142a630 Exception <a 'java/lang/NoSuchMethodError'{0x00000000849891e8}: 'int java.lang.invoke.DirectMethodHandle$Holder.invokeStatic(java.lang.Object)'> (0x00000000849891e8) 
thrown [s\src\hotspot\share\interpreter\linkResolver.cpp, line 759]
Event: 6.903 Thread 0x000001e020795240 Exception <a 'java/lang/reflect/InvocationTargetException'{0x0000000084887898}> (0x0000000084887898) 
thrown [s\src\hotspot\share\runtime\reflection.cpp, line 1121]
Event: 6.991 Thread 0x000001e01142a630 Exception <a 'java/lang/NoSuchMethodError'{0x0000000089bd71e8}: 'java.lang.Object java.lang.invoke.DirectMethodHandle$Holder.newInvokeSpecial(java.lang.Object, java.lang.Object, java.lang.Object, java.lang.Object, java.lang.Object, java.lang.Object, java.lang.Object)'> (0x0000000089bd71e8) 
thrown [s\src\hotspot\share\interpreter\linkResolver.cpp, line 759]
Event: 7.123 Thread 0x000001e01142a630 Exception <a 'java/lang/IncompatibleClassChangeError'{0x0000000085afcb98}: Found class java.lang.Object, but interface was expected> (0x0000000085afcb98) 
thrown [s\src\hotspot\share\interpreter\linkResolver.cpp, line 826]
Event: 7.145 Thread 0x000001e01142a630 Exception <a 'java/lang/IncompatibleClassChangeError'{0x000000008586d248}: Found class java.lang.Object, but interface was expected> (0x000000008586d248) 
thrown [s\src\hotspot\share\interpreter\linkResolver.cpp, line 826]
Event: 7.248 Thread 0x000001e01142a630 Exception <a 'java/lang/IncompatibleClassChangeError'{0x00000000852b4d58}: Found class java.lang.Object, but interface was expected> (0x00000000852b4d58) 
thrown [s\src\hotspot\share\interpreter\linkResolver.cpp, line 826]
Event: 7.346 Thread 0x000001e01142a630 Exception <a 'java/lang/reflect/InvocationTargetException'{0x00000000845f0200}> (0x00000000845f0200) 
thrown [s\src\hotspot\share\runtime\reflection.cpp, line 1121]
Event: 7.445 Thread 0x000001e01142a630 Exception <a 'java/lang/NoSuchMethodError'{0x0000000089b84d48}: 'int java.lang.invoke.DirectMethodHandle$Holder.invokeStatic(java.lang.Object, int, java.lang.Object)'> (0x0000000089b84d48) 
thrown [s\src\hotspot\share\interpreter\linkResolver.cpp, line 759]
Event: 7.456 Thread 0x000001e020795240 Exception <a 'java/lang/reflect/InvocationTargetException'{0x0000000085f01b90}> (0x0000000085f01b90) 
thrown [s\src\hotspot\share\runtime\reflection.cpp, line 1121]
Event: 7.456 Thread 0x000001e01142a630 Exception <a 'java/lang/reflect/InvocationTargetException'{0x0000000089bb3cc0}> (0x0000000089bb3cc0) 
thrown [s\src\hotspot\share\runtime\reflection.cpp, line 1121]
Event: 7.464 Thread 0x000001e01142a630 Exception <a 'java/lang/reflect/InvocationTargetException'{0x0000000089bc86e8}> (0x0000000089bc86e8) 
thrown [s\src\hotspot\share\runtime\reflection.cpp, line 1121]
Event: 7.468 Thread 0x000001e01142a630 Exception <a 'java/lang/reflect/InvocationTargetException'{0x0000000089bd4df8}> (0x0000000089bd4df8) 
thrown [s\src\hotspot\share\runtime\reflection.cpp, line 1121]
Event: 7.485 Thread 0x000001e01142a630 Exception <a 'java/lang/NoSuchMethodError'{0x0000000085f2cd08}: 'int java.lang.invoke.DirectMethodHandle$Holder.invokeStatic(java.lang.Object, java.lang.Object, int)'> (0x0000000085f2cd08) 
thrown [s\src\hotspot\share\interpreter\linkResolver.cpp, line 759]
Event: 7.493 Thread 0x000001e01142a630 Exception <a 'java/lang/NoSuchMethodError'{0x0000000085f4a2b0}: 'java.lang.Object java.lang.invoke.DirectMethodHandle$Holder.newInvokeSpecial(java.lang.Object, java.lang.Object, int)'> (0x0000000085f4a2b0) 
thrown [s\src\hotspot\share\interpreter\linkResolver.cpp, line 759]
Event: 7.500 Thread 0x000001e01142a630 Exception <a 'java/lang/IncompatibleClassChangeError'{0x0000000085f69d98}: Found class java.lang.Object, but interface was expected> (0x0000000085f69d98) 
thrown [s\src\hotspot\share\interpreter\linkResolver.cpp, line 826]
Event: 7.501 Thread 0x000001e01142a630 Exception <a 'java/lang/IncompatibleClassChangeError'{0x0000000085f70968}: Found class java.lang.Object, but interface was expected> (0x0000000085f70968) 
thrown [s\src\hotspot\share\interpreter\linkResolver.cpp, line 826]
Event: 7.527 Thread 0x000001e01142a630 Exception <a 'java/lang/reflect/InvocationTargetException'{0x0000000085e099f8}> (0x0000000085e099f8) 
thrown [s\src\hotspot\share\runtime\reflection.cpp, line 1121]
Event: 7.623 Thread 0x000001e01142a630 Exception <a 'java/lang/NoSuchMethodError'{0x0000000085c73300}: 'long java.lang.invoke.DirectMethodHandle$Holder.invokeVirtual(java.lang.Object, java.lang.Object)'> (0x0000000085c73300) 
thrown [s\src\hotspot\share\interpreter\linkResolver.cpp, line 759]

VM Operations (20 events):
Event: 6.839 Executing VM operation: HandshakeAllThreads done
Event: 6.966 Executing VM operation: G1CollectForAllocation
Event: 6.973 Executing VM operation: G1CollectForAllocation done
Event: 6.976 Executing VM operation: G1CollectForAllocation
Event: 6.982 Executing VM operation: G1CollectForAllocation done
Event: 7.217 Executing VM operation: HandshakeAllThreads
Event: 7.217 Executing VM operation: HandshakeAllThreads done
Event: 7.292 Executing VM operation: HandshakeAllThreads
Event: 7.292 Executing VM operation: HandshakeAllThreads done
Event: 7.293 Executing VM operation: HandshakeAllThreads
Event: 7.293 Executing VM operation: HandshakeAllThreads done
Event: 7.401 Executing VM operation: G1CollectForAllocation
Event: 7.413 Executing VM operation: G1CollectForAllocation done
Event: 7.579 Executing VM operation: HandshakeAllThreads
Event: 7.579 Executing VM operation: HandshakeAllThreads done
Event: 7.580 Executing VM operation: HandshakeAllThreads
Event: 7.580 Executing VM operation: HandshakeAllThreads done
Event: 7.635 Executing VM operation: HandshakeAllThreads
Event: 7.635 Executing VM operation: HandshakeAllThreads done
Event: 7.979 Executing VM operation: G1CollectForAllocation

Events (20 events):
Event: 7.480 loading class java/lang/Character$UnicodeBlock done
Event: 7.586 loading class java/util/stream/SortedOps$SizedRefSortingSink
Event: 7.586 loading class java/util/stream/SortedOps$SizedRefSortingSink done
Event: 7.605 loading class javax/net/ssl/SSLException
Event: 7.605 loading class javax/net/ssl/SSLException done
Event: 7.623 loading class java/nio/channels/CompletionHandler
Event: 7.623 loading class java/nio/channels/CompletionHandler done
Event: 7.646 Thread 0x000001e021fb6230 Thread added: 0x000001e021fb6230
Event: 7.648 Thread 0x000001e021fb6700 Thread added: 0x000001e021fb6700
Event: 7.648 loading class java/util/concurrent/ForkJoinWorkerThread
Event: 7.648 loading class java/util/concurrent/ForkJoinWorkerThread done
Event: 7.654 Thread 0x000001e021fb4a20 Thread added: 0x000001e021fb4a20
Event: 7.825 loading class java/util/WeakHashMap$KeyIterator
Event: 7.825 loading class java/util/WeakHashMap$HashIterator
Event: 7.825 loading class java/util/WeakHashMap$HashIterator done
Event: 7.825 loading class java/util/WeakHashMap$KeyIterator done
Event: 7.826 loading class java/util/WeakHashMap$EntrySet
Event: 7.826 loading class java/util/WeakHashMap$EntrySet done
Event: 7.826 loading class java/util/WeakHashMap$EntryIterator
Event: 7.826 loading class java/util/WeakHashMap$EntryIterator done


Dynamic libraries:
0x00007ff761e80000 - 0x00007ff761e8e000 	C:\Users\mohan\.p2\pool\plugins\org.eclipse.justj.openjdk.hotspot.jre.full.win32.x86_64_17.0.5.v20221102-0933\jre\bin\javaw.exe
0x00007ff878fd0000 - 0x00007ff8791e4000 	C:\WINDOWS\SYSTEM32\ntdll.dll
0x00007ff877e90000 - 0x00007ff877f52000 	C:\WINDOWS\System32\KERNEL32.DLL
0x00007ff876410000 - 0x00007ff8767ac000 	C:\WINDOWS\System32\KERNELBASE.dll
0x00007ff876950000 - 0x00007ff876a61000 	C:\WINDOWS\System32\ucrtbase.dll
0x00007ff85dc70000 - 0x00007ff85dc87000 	C:\Users\mohan\.p2\pool\plugins\org.eclipse.justj.openjdk.hotspot.jre.full.win32.x86_64_17.0.5.v20221102-0933\jre\bin\jli.dll
0x00007ff877770000 - 0x00007ff87791b000 	C:\WINDOWS\System32\USER32.dll
0x00007ff876a70000 - 0x00007ff876a96000 	C:\WINDOWS\System32\win32u.dll
0x00007ff877920000 - 0x00007ff877949000 	C:\WINDOWS\System32\GDI32.dll
0x00007ff876830000 - 0x00007ff876943000 	C:\WINDOWS\System32\gdi32full.dll
0x00007ff876bd0000 - 0x00007ff876c6a000 	C:\WINDOWS\System32\msvcp_win.dll
0x00007ff86f790000 - 0x00007ff86f7a9000 	C:\Users\mohan\.p2\pool\plugins\org.eclipse.justj.openjdk.hotspot.jre.full.win32.x86_64_17.0.5.v20221102-0933\jre\bin\VCRUNTIME140.dll
0x00007ff862cd0000 - 0x00007ff862f5e000 	C:\WINDOWS\WinSxS\amd64_microsoft.windows.common-controls_6595b64144ccf1df_6.0.22621.608_none_a9444ca7c10bb01d\COMCTL32.dll
0x00007ff877960000 - 0x00007ff877a07000 	C:\WINDOWS\System32\msvcrt.dll
0x00007ff878320000 - 0x00007ff878351000 	C:\WINDOWS\System32\IMM32.DLL
0x00007ff871ac0000 - 0x00007ff871acc000 	C:\Users\mohan\.p2\pool\plugins\org.eclipse.justj.openjdk.hotspot.jre.full.win32.x86_64_17.0.5.v20221102-0933\jre\bin\vcruntime140_1.dll
0x00007ff860b80000 - 0x00007ff860c11000 	C:\Users\mohan\.p2\pool\plugins\org.eclipse.justj.openjdk.hotspot.jre.full.win32.x86_64_17.0.5.v20221102-0933\jre\bin\msvcp140.dll
0x00007ff82ce50000 - 0x00007ff82da94000 	C:\Users\mohan\.p2\pool\plugins\org.eclipse.justj.openjdk.hotspot.jre.full.win32.x86_64_17.0.5.v20221102-0933\jre\bin\server\jvm.dll
0x00007ff878090000 - 0x00007ff87813e000 	C:\WINDOWS\System32\ADVAPI32.dll
0x00007ff876f80000 - 0x00007ff877024000 	C:\WINDOWS\System32\sechost.dll
0x00007ff878360000 - 0x00007ff878477000 	C:\WINDOWS\System32\RPCRT4.dll
0x00007ff870b60000 - 0x00007ff870b69000 	C:\WINDOWS\SYSTEM32\WSOCK32.dll
0x00007ff878d50000 - 0x00007ff878dc1000 	C:\WINDOWS\System32\WS2_32.dll
0x00007ff86f3c0000 - 0x00007ff86f3f4000 	C:\WINDOWS\SYSTEM32\WINMM.dll
0x00007ff868620000 - 0x00007ff86862a000 	C:\WINDOWS\SYSTEM32\VERSION.dll
0x00007ff875550000 - 0x00007ff875568000 	C:\WINDOWS\SYSTEM32\kernel.appcore.dll
0x00007ff86f750000 - 0x00007ff86f75a000 	C:\Users\mohan\.p2\pool\plugins\org.eclipse.justj.openjdk.hotspot.jre.full.win32.x86_64_17.0.5.v20221102-0933\jre\bin\jimage.dll
0x00007ff873ef0000 - 0x00007ff87411e000 	C:\WINDOWS\SYSTEM32\DBGHELP.DLL
0x00007ff8772b0000 - 0x00007ff877639000 	C:\WINDOWS\System32\combase.dll
0x00007ff878140000 - 0x00007ff878217000 	C:\WINDOWS\System32\OLEAUT32.dll
0x00007ff857740000 - 0x00007ff857772000 	C:\WINDOWS\SYSTEM32\dbgcore.DLL
0x00007ff8767b0000 - 0x00007ff87682b000 	C:\WINDOWS\System32\bcryptPrimitives.dll
0x00007ff85dc90000 - 0x00007ff85dcb5000 	C:\Users\mohan\.p2\pool\plugins\org.eclipse.justj.openjdk.hotspot.jre.full.win32.x86_64_17.0.5.v20221102-0933\jre\bin\java.dll
0x00007ff85dc20000 - 0x00007ff85dc38000 	C:\Users\mohan\.p2\pool\plugins\org.eclipse.justj.openjdk.hotspot.jre.full.win32.x86_64_17.0.5.v20221102-0933\jre\bin\zip.dll
0x00007ff878560000 - 0x00007ff878d50000 	C:\WINDOWS\System32\SHELL32.dll
0x00007ff874430000 - 0x00007ff874cfd000 	C:\WINDOWS\SYSTEM32\windows.storage.dll
0x00007ff8742f0000 - 0x00007ff87442e000 	C:\WINDOWS\SYSTEM32\wintypes.dll
0x00007ff877650000 - 0x00007ff877741000 	C:\WINDOWS\System32\SHCORE.dll
0x00007ff878480000 - 0x00007ff8784de000 	C:\WINDOWS\System32\shlwapi.dll
0x00007ff876340000 - 0x00007ff876361000 	C:\WINDOWS\SYSTEM32\profapi.dll
0x00007ff85dda0000 - 0x00007ff85ddb9000 	C:\Users\mohan\.p2\pool\plugins\org.eclipse.justj.openjdk.hotspot.jre.full.win32.x86_64_17.0.5.v20221102-0933\jre\bin\net.dll
0x00007ff86ee00000 - 0x00007ff86ef37000 	C:\WINDOWS\SYSTEM32\WINHTTP.dll
0x00007ff8759c0000 - 0x00007ff875a29000 	C:\WINDOWS\system32\mswsock.dll
0x00007ff85dd80000 - 0x00007ff85dd95000 	C:\Users\mohan\.p2\pool\plugins\org.eclipse.justj.openjdk.hotspot.jre.full.win32.x86_64_17.0.5.v20221102-0933\jre\bin\nio.dll
0x00007ff871a70000 - 0x00007ff871a79000 	C:\Users\mohan\.p2\pool\plugins\org.eclipse.justj.openjdk.hotspot.jre.full.win32.x86_64_17.0.5.v20221102-0933\jre\bin\management.dll
0x00007ff871950000 - 0x00007ff87195b000 	C:\Users\mohan\.p2\pool\plugins\org.eclipse.justj.openjdk.hotspot.jre.full.win32.x86_64_17.0.5.v20221102-0933\jre\bin\management_ext.dll
0x00007ff877f60000 - 0x00007ff877f68000 	C:\WINDOWS\System32\PSAPI.DLL
0x00007ff852440000 - 0x00007ff852457000 	C:\WINDOWS\system32\napinsp.dll
0x00007ff852420000 - 0x00007ff85243b000 	C:\WINDOWS\system32\pnrpnsp.dll
0x00007ff875030000 - 0x00007ff875123000 	C:\WINDOWS\SYSTEM32\DNSAPI.dll
0x00007ff874fc0000 - 0x00007ff874fed000 	C:\WINDOWS\SYSTEM32\IPHLPAPI.DLL
0x00007ff877030000 - 0x00007ff877039000 	C:\WINDOWS\System32\NSI.dll
0x00007ff850d30000 - 0x00007ff850d41000 	C:\WINDOWS\System32\winrnr.dll
0x00007ff850d10000 - 0x00007ff850d25000 	C:\WINDOWS\system32\wshbth.dll
0x00007ff850bc0000 - 0x00007ff850be1000 	C:\WINDOWS\system32\nlansp_c.dll
0x00007ff85c0b0000 - 0x00007ff85c0ba000 	C:\Windows\System32\rasadhlp.dll
0x00007ff86e160000 - 0x00007ff86e1e3000 	C:\WINDOWS\System32\fwpuclnt.dll
0x00007ff875c30000 - 0x00007ff875c4b000 	C:\WINDOWS\SYSTEM32\CRYPTSP.dll
0x00007ff8754c0000 - 0x00007ff8754f5000 	C:\WINDOWS\system32\rsaenh.dll
0x00007ff875ac0000 - 0x00007ff875ae8000 	C:\WINDOWS\SYSTEM32\USERENV.dll
0x00007ff875de0000 - 0x00007ff875e08000 	C:\WINDOWS\SYSTEM32\bcrypt.dll
0x00007ff875c20000 - 0x00007ff875c2c000 	C:\WINDOWS\SYSTEM32\CRYPTBASE.dll
0x00007ff86fb40000 - 0x00007ff86fb59000 	C:\WINDOWS\SYSTEM32\dhcpcsvc6.DLL
0x00007ff86ec80000 - 0x00007ff86ec9f000 	C:\WINDOWS\SYSTEM32\dhcpcsvc.DLL
0x00007ff85dd70000 - 0x00007ff85dd80000 	C:\Users\mohan\.p2\pool\plugins\org.eclipse.justj.openjdk.hotspot.jre.full.win32.x86_64_17.0.5.v20221102-0933\jre\bin\verify.dll
0x00007ff860ff0000 - 0x00007ff860ffe000 	C:\Users\mohan\.p2\pool\plugins\org.eclipse.justj.openjdk.hotspot.jre.full.win32.x86_64_17.0.5.v20221102-0933\jre\bin\sunmscapi.dll
0x00007ff876c70000 - 0x00007ff876dd6000 	C:\WINDOWS\System32\CRYPT32.dll
0x00007ff875db0000 - 0x00007ff875dde000 	C:\WINDOWS\SYSTEM32\ncrypt.dll
0x00007ff875d70000 - 0x00007ff875da7000 	C:\WINDOWS\SYSTEM32\NTASN1.dll

dbghelp: loaded successfully - version: 4.0.5 - missing functions: none
symbol engine: initialized successfully - sym options: 0x614 - pdb path: .;C:\Users\mohan\.p2\pool\plugins\org.eclipse.justj.openjdk.hotspot.jre.full.win32.x86_64_17.0.5.v20221102-0933\jre\bin;C:\WINDOWS\SYSTEM32;C:\WINDOWS\WinSxS\amd64_microsoft.windows.common-controls_6595b64144ccf1df_6.0.22621.608_none_a9444ca7c10bb01d;C:\Users\mohan\.p2\pool\plugins\org.eclipse.justj.openjdk.hotspot.jre.full.win32.x86_64_17.0.5.v20221102-0933\jre\bin\server

VM Arguments:
jvm_args: -Dcom.sun.management.jmxremote -Dcom.sun.management.jmxremote.port=52912 -Dcom.sun.management.jmxremote.authenticate=false -Dcom.sun.management.jmxremote.ssl=false -Djava.rmi.server.hostname=localhost -Dspring.jmx.enabled=true -Dmanagement.endpoints.jmx.exposure.include=* -Dspring.application.admin.enabled=true -XX:TieredStopAtLevel=1 -Dspring.boot.project.name=com.inn.cafe -Dfile.encoding=UTF-8 -XX:+ShowCodeDetailsInExceptionMessages 
java_command: com.inn.cafe.CafeManagementSystemApplication --spring.output.ansi.enabled=always
java_class_path (initial): C:\Users\mohan\Desktop\spring projects\cafe project\com.inn.cafe\target\classes;C:\Users\mohan\.m2\repository\org\springframework\boot\spring-boot-starter-data-jpa\3.0.4\spring-boot-starter-data-jpa-3.0.4.jar;C:\Users\mohan\.m2\repository\org\springframework\boot\spring-boot-starter-aop\3.0.4\spring-boot-starter-aop-3.0.4.jar;C:\Users\mohan\.m2\repository\org\aspectj\aspectjweaver\1.9.19\aspectjweaver-1.9.19.jar;C:\Users\mohan\.m2\repository\org\hibernate\orm\hibernate-core\6.1.7.Final\hibernate-core-6.1.7.Final.jar;C:\Users\mohan\.m2\repository\jakarta\persistence\jakarta.persistence-api\3.1.0\jakarta.persistence-api-3.1.0.jar;C:\Users\mohan\.m2\repository\jakarta\transaction\jakarta.transaction-api\2.0.1\jakarta.transaction-api-2.0.1.jar;C:\Users\mohan\.m2\repository\org\jboss\logging\jboss-logging\3.5.0.Final\jboss-logging-3.5.0.Final.jar;C:\Users\mohan\.m2\repository\org\hibernate\common\hibernate-commons-annotations\6.0.6.Final\hibernate-commons-annotations-6.0.6.Final.jar;C:\Users\mohan\.m2\repository\org\jboss\jandex\2.4.2.Final\jandex-2.4.2.Final.jar;C:\Users\mohan\.m2\repository\com\fasterxml\classmate\1.5.1\classmate-1.5.1.jar;C:\Users\mohan\.m2\repository\net\bytebuddy\byte-buddy\1.12.23\byte-buddy-1.12.23.jar;C:\Users\mohan\.m2\repository\org\glassfish\jaxb\jaxb-runtime\4.0.2\jaxb-runtime-4.0.2.jar;C:\Users\mohan\.m2\repository\org\glassfish\jaxb\jaxb-core\4.0.2\jaxb-core-4.0.2.jar;C:\Users\mohan\.m2\repository\org\glassfish\jaxb\txw2\4.0.2\txw2-4.0.2.jar;C:\Users\mohan\.m2\repository\com\sun\istack\istack-commons-runtime\4.1.1\istack-commons-runtime-4.1.1.jar;C:\Users\mohan\.m2\repository\jakarta\inject\jakarta.inject-api\2.0.0\jakarta.inject-api-2.0.0.jar;C:\Users\mohan\.m2\repository\org\antlr\antlr4-runtime\4.10.1\antlr4-runtime-4.10.1.jar;C:\Users\mohan\.m2\repository\org\springframework\data\spring-data-jpa\3.0.3\spring-data-jpa-3.0.3.jar;C:\Users\mohan\.m2\repository\org\springframework\data\spring-data-commons\3.0.3\s
Launcher Type: SUN_STANDARD

[Global flags]
     intx CICompilerCount                          = 4                                         {product} {ergonomic}
     uint ConcGCThreads                            = 2                                         {product} {ergonomic}
     uint G1ConcRefinementThreads                  = 8                                         {product} {ergonomic}
   size_t G1HeapRegionSize                         = 1048576                                   {product} {ergonomic}
    uintx GCDrainStackTargetSize                   = 64                                        {product} {ergonomic}
   size_t InitialHeapSize                          = 134217728                                 {product} {ergonomic}
     bool ManagementServer                         = true                                      {product} {command line}
   size_t MarkStackSize                            = 4194304                                   {product} {ergonomic}
   size_t MaxHeapSize                              = 2118123520                                {product} {ergonomic}
   size_t MaxNewSize                               = 1270874112                                {product} {ergonomic}
   size_t MinHeapDeltaBytes                        = 1048576                                   {product} {ergonomic}
   size_t MinHeapSize                              = 8388608                                   {product} {ergonomic}
    uintx NonProfiledCodeHeapSize                  = 0                                      {pd product} {ergonomic}
     bool ProfileInterpreter                       = false                                  {pd product} {command line}
    uintx ProfiledCodeHeapSize                     = 0                                      {pd product} {ergonomic}
     bool ShowCodeDetailsInExceptionMessages       = true                                   {manageable} {command line}
   size_t SoftMaxHeapSize                          = 2118123520                             {manageable} {ergonomic}
     intx TieredStopAtLevel                        = 1                                         {product} {command line}
     bool UseCompressedClassPointers               = true                           {product lp64_product} {ergonomic}
     bool UseCompressedOops                        = true                           {product lp64_product} {ergonomic}
     bool UseG1GC                                  = true                                      {product} {ergonomic}
     bool UseLargePagesIndividualAllocation        = false                                  {pd product} {ergonomic}

Logging:
Log output configuration:
 #0: stdout all=warning uptime,level,tags
 #1: stderr all=off uptime,level,tags

Environment Variables:
PATH=C:/Users/mohan/.p2/pool/plugins/org.eclipse.justj.openjdk.hotspot.jre.full.win32.x86_64_17.0.5.v20221102-0933/jre/bin/server;C:/Users/mohan/.p2/pool/plugins/org.eclipse.justj.openjdk.hotspot.jre.full.win32.x86_64_17.0.5.v20221102-0933/jre/bin;C:\Program Files (x86)\Common Files\Oracle\Java\javapath;C:\windows\system32;C:\windows;C:\windows\System32\Wbem;C:\windows\System32\WindowsPowerShell\v1.0\;C:\windows\System32\OpenSSH\;C:\Program Files (x86)\NVIDIA Corporation\PhysX\Common;C:\Program Files\NVIDIA Corporation\NVIDIA NvDLISR;C:\WINDOWS\system32;C:\WINDOWS;C:\WINDOWS\System32\Wbem;C:\WINDOWS\System32\WindowsPowerShell\v1.0\;C:\WINDOWS\System32\OpenSSH\;C:\Program Files\nodejs\;C:\Program Files\MongoDB\Server\6.0\bin;C:\Program Files\MongoDB\Server\6.0\mongosh-1.8.0-win32-x64\mongosh-1.8.0-win32-x64\bin;C:\Program Files\Git\cmd;C:\Program Files\MySQL\MySQL Shell 8.0\bin\;C:\python\Scripts\;C:\python\;C:\Users\mohan\AppData\Local\Microsoft\WindowsApps;C:\Users\mohan\AppData\Roaming\Dashlane\6.2004.0.32112\bin\Firefox_Extension\{442718d9-475e-452a-b3e1-fb1ee16b8e9f}\components;C:\Users\mohan\AppData\Roaming\Dashlane\6.2004.0.32112\ucrt;C:\Users\mohan\AppData\Roaming\Dashlane\6.2004.0.32112\bin\Qt;C:\Users\mohan\AppData\Roaming\Dashlane\6.2004.0.32112\bin\Ssl;C:\Users\mohan\AppData\Local\Programs\Microsoft VS Code\bin;C:\Users\mohan\AppData\Roaming\npm;C:\Users\mohan\Desktop;
USERNAME=mohan
OS=Windows_NT
PROCESSOR_IDENTIFIER=Intel64 Family 6 Model 142 Stepping 12, GenuineIntel
TMP=C:\Users\mohan\AppData\Local\Temp
TEMP=C:\Users\mohan\AppData\Local\Temp



---------------  S Y S T E M  ---------------

OS:
 Windows 11 , 64 bit Build 22621 (10.0.22621.1485)
OS uptime: 17 days 22:07 hours

CPU: total 8 (initial active 8) (4 cores per cpu, 2 threads per core) family 6 model 142 stepping 12 microcode 0xde, cx8, cmov, fxsr, ht, mmx, 3dnowpref, sse, sse2, sse3, ssse3, sse4.1, sse4.2, popcnt, lzcnt, tsc, tscinvbit, avx, avx2, aes, erms, clmul, bmi1, bmi2, adx, fma, vzeroupper, clflush, clflushopt

Memory: 4k page, system-wide physical 8078M (567M free)
TotalPageFile size 11578M (AvailPageFile size 39M)
current process WorkingSet (physical memory assigned to process): 210M, peak: 210M
current process commit charge ("private bytes"): 304M, peak: 346M

vm_info: OpenJDK 64-Bit Server VM (17.0.5+8) for windows-amd64 JRE (17.0.5+8), built on Oct 19 2022 04:48:13 by "temurin" with MS VC++ 16.7 (VS2019)

END.
